{"uuid":"48c17db5-7d1d-4e5e-892d-6fff81ce0172","historyId":"9aea1dc34c7585ab91379252f6efe3eb","testCaseId":"[engine:junit-jupiter]/[class:UITest]/[method:test()]","testCaseName":"test()","fullName":"UITest.test","labels":[{"name":"junit.platform.uniqueid","value":"[engine:junit-jupiter]/[class:UITest]/[method:test()]"},{"name":"host","value":"VNE-NN-23-240"},{"name":"thread","value":"65756@VNE-NN-23-240.main(1)"},{"name":"framework","value":"junit-platform"},{"name":"language","value":"java"},{"name":"package","value":"UITest"},{"name":"testClass","value":"UITest"},{"name":"testMethod","value":"test"},{"name":"suite","value":"UITest"}],"links":[],"name":"test()","status":"failed","statusDetails":{"known":false,"muted":false,"flaky":false,"message":"Invalid element state [#subjectsInput]: element click intercepted: Element <input autocapitalize=\"none\" autocomplete=\"off\" autocorrect=\"off\" id=\"subjectsInput\" spellcheck=\"false\" tabindex=\"0\" type=\"text\" aria-autocomplete=\"list\" value=\"\" style=\"box-sizing: content-box; width: 2px; background: 0px center; border: 0px; font-size: inherit; opacity: 1; outline: 0px; padding: 0px; color: inherit;\"> is not clickable at point (531, 339). Other element would receive the click: <div class=\"react-datepicker__day react-datepicker__day--0... react-datepicker__day--weekend react-datepicker__day--outside-month\" tabindex=\"-1\" aria-label=\"Choose Sunday, June 26th, 202603\" role=\"option\" aria-disabled=\"false\">26</div>\r\nScreenshot: file:/C:/Users/e.kauter/Diplom-project/build/reports/tests/1769102674151.0.png\r\nPage source: file:/C:/Users/e.kauter/Diplom-project/build/reports/tests/1769102674151.0.html\r\nTimeout: 4 s.\r\nCaused by: ElementClickInterceptedException: element click intercepted: Element <input autocapitalize=\"none\" autocomplete=\"off\" autocorrect=\"off\" id=\"subjectsInput\" spellcheck=\"false\" tabindex=\"0\" type=\"text\" aria-autocomplete=\"list\" value=\"\" style=\"box-sizing: content-box; width: 2px; background: 0px center; border: 0px; font-size: inherit; opacity: 1; outline: 0px; padding: 0px; color: inherit;\"> is not clickable at point (531, 339). Other element would receive the click: <div class=\"react-datepicker__day react-datepicker__day--0... react-datepicker__day--weekend react-datepicker__day--outside-month\" tabindex=\"-1\" aria-label=\"Choose Sunday, June 26th, 202603\" role=\"option\" aria-disabled=\"false\">26</div>","trace":"Invalid element state [#subjectsInput]: element click intercepted: Element <input autocapitalize=\"none\" autocomplete=\"off\" autocorrect=\"off\" id=\"subjectsInput\" spellcheck=\"false\" tabindex=\"0\" type=\"text\" aria-autocomplete=\"list\" value=\"\" style=\"box-sizing: content-box; width: 2px; background: 0px center; border: 0px; font-size: inherit; opacity: 1; outline: 0px; padding: 0px; color: inherit;\"> is not clickable at point (531, 339). Other element would receive the click: <div class=\"react-datepicker__day react-datepicker__day--0... react-datepicker__day--weekend react-datepicker__day--outside-month\" tabindex=\"-1\" aria-label=\"Choose Sunday, June 26th, 202603\" role=\"option\" aria-disabled=\"false\">26</div>\r\nScreenshot: file:/C:/Users/e.kauter/Diplom-project/build/reports/tests/1769102674151.0.png\r\nPage source: file:/C:/Users/e.kauter/Diplom-project/build/reports/tests/1769102674151.0.html\r\nTimeout: 4 s.\r\nCaused by: ElementClickInterceptedException: element click intercepted: Element <input autocapitalize=\"none\" autocomplete=\"off\" autocorrect=\"off\" id=\"subjectsInput\" spellcheck=\"false\" tabindex=\"0\" type=\"text\" aria-autocomplete=\"list\" value=\"\" style=\"box-sizing: content-box; width: 2px; background: 0px center; border: 0px; font-size: inherit; opacity: 1; outline: 0px; padding: 0px; color: inherit;\"> is not clickable at point (531, 339). Other element would receive the click: <div class=\"react-datepicker__day react-datepicker__day--0... react-datepicker__day--weekend react-datepicker__day--outside-month\" tabindex=\"-1\" aria-label=\"Choose Sunday, June 26th, 202603\" role=\"option\" aria-disabled=\"false\">26</div>\r\n\tat com.codeborne.selenide.impl.ExceptionWrapper.wrap(ExceptionWrapper.java:19)\r\n\tat com.codeborne.selenide.impl.SelenideElementProxy.dispatchAndRetry(SelenideElementProxy.java:153)\r\n\tat com.codeborne.selenide.impl.SelenideElementProxy.invoke(SelenideElementProxy.java:83)\r\n\tat jdk.proxy1/jdk.proxy1.$Proxy11.click(Unknown Source)\r\n\tat Pages.Elements.InputLine.inputSubject(InputLine.java:34)\r\n\tat Pages.PracticeFormPage.setSubject(PracticeFormPage.java:95)\r\n\tat UITest.test(UITest.java:24)\r\n\tat java.base/java.lang.reflect.Method.invoke(Method.java:569)\r\n\tat java.base/java.util.ArrayList.forEach(ArrayList.java:1511)\r\n\tat java.base/java.util.ArrayList.forEach(ArrayList.java:1511)\r\nCaused by: org.openqa.selenium.ElementClickInterceptedException: element click intercepted: Element <input autocapitalize=\"none\" autocomplete=\"off\" autocorrect=\"off\" id=\"subjectsInput\" spellcheck=\"false\" tabindex=\"0\" type=\"text\" aria-autocomplete=\"list\" value=\"\" style=\"box-sizing: content-box; width: 2px; background: 0px center; border: 0px; font-size: inherit; opacity: 1; outline: 0px; padding: 0px; color: inherit;\"> is not clickable at point (531, 339). Other element would receive the click: <div class=\"react-datepicker__day react-datepicker__day--0... react-datepicker__day--weekend react-datepicker__day--outside-month\" tabindex=\"-1\" aria-label=\"Choose Sunday, June 26th, 202603\" role=\"option\" aria-disabled=\"false\">26</div>\n  (Session info: chrome=143.0.7499.193)\nBuild info: version: '4.39.0', revision: '126f156aee'\nSystem info: os.name: 'Windows 10', os.arch: 'amd64', os.version: '10.0', java.version: '17.0.17'\nDriver info: org.openqa.selenium.chrome.ChromeDriver\nCommand: [1347378d96153d71de7ff63b95847c71, clickElement {id=f.01AE709D38359BF67E9565EE4C2FF0F2.d.0326C5932A577633E4AEB53AB4876A84.e.14}]\nCapabilities {acceptInsecureCerts: true, browserName: chrome, browserVersion: 143.0.7499.193, chrome: {chromedriverVersion: 143.0.7499.192 (be2c1f4fd45..., userDataDir: C:\\Users\\E6C5A~1.KAU\\AppDat...}, fedcm:accounts: true, goog:chromeOptions: {debuggerAddress: localhost:51550}, goog:processID: 48088, networkConnectionEnabled: false, pageLoadStrategy: eager, platformName: windows, proxy: Proxy(), se:cdp: ws://localhost:51550/devtoo..., se:cdpVersion: 143.0.7499.193, setWindowRect: true, strictFileInteractability: false, timeouts: {implicit: 0, pageLoad: 300000, script: 30000}, unhandledPromptBehavior: accept, webauthn:extension:credBlob: true, webauthn:extension:largeBlob: true, webauthn:extension:minPinLength: true, webauthn:extension:prf: true, webauthn:virtualAuthenticators: true}\nElement: [[ChromeDriver: chrome on windows (1347378d96153d71de7ff63b95847c71)] -> id: subjectsInput]\nSession ID: 1347378d96153d71de7ff63b95847c71\r\n\tat java.base/jdk.internal.reflect.NativeConstructorAccessorImpl.newInstance0(Native Method)\r\n\tat java.base/jdk.internal.reflect.NativeConstructorAccessorImpl.newInstance(NativeConstructorAccessorImpl.java:77)\r\n\tat java.base/jdk.internal.reflect.DelegatingConstructorAccessorImpl.newInstance(DelegatingConstructorAccessorImpl.java:45)\r\n\tat java.base/java.lang.reflect.Constructor.newInstanceWithCaller(Constructor.java:500)\r\n\tat java.base/java.lang.reflect.Constructor.newInstance(Constructor.java:481)\r\n\tat org.openqa.selenium.remote.ErrorCodec.decode(ErrorCodec.java:167)\r\n\tat org.openqa.selenium.remote.codec.w3c.W3CHttpResponseCodec.decode(W3CHttpResponseCodec.java:142)\r\n\tat org.openqa.selenium.remote.codec.w3c.W3CHttpResponseCodec.decode(W3CHttpResponseCodec.java:49)\r\n\tat org.openqa.selenium.remote.HttpCommandExecutor.execute(HttpCommandExecutor.java:215)\r\n\tat org.openqa.selenium.remote.service.DriverCommandExecutor.invokeExecute(DriverCommandExecutor.java:216)\r\n\tat org.openqa.selenium.remote.service.DriverCommandExecutor.execute(DriverCommandExecutor.java:174)\r\n\tat org.openqa.selenium.remote.RemoteWebDriver.execute(RemoteWebDriver.java:561)\r\n\tat org.openqa.selenium.remote.RemoteWebElement.execute(RemoteWebElement.java:223)\r\n\tat org.openqa.selenium.remote.RemoteWebElement.click(RemoteWebElement.java:76)\r\n\tat com.codeborne.selenide.commands.Click.defaultClick(Click.java:105)\r\n\tat com.codeborne.selenide.commands.Click.doClick(Click.java:83)\r\n\tat com.codeborne.selenide.commands.Click.click(Click.java:59)\r\n\tat com.codeborne.selenide.commands.Click.execute(Click.java:39)\r\n\tat com.codeborne.selenide.FluentCommand.execute(FluentCommand.java:27)\r\n\tat com.codeborne.selenide.FluentCommand.execute(FluentCommand.java:19)\r\n\tat com.codeborne.selenide.commands.Commands.execute(Commands.java:161)\r\n\tat com.codeborne.selenide.impl.SelenideElementProxy.dispatchAndRetry(SelenideElementProxy.java:131)\r\n\t... 8 more\r\n"},"stage":"finished","description":"","steps":[],"attachments":[],"parameters":[],"start":1769102665558,"stop":1769102674714}